<?xml version="1.0" encoding="UTF-8"?>
<!-- Generated by org.testng.reporters.JUnitReportReporter -->
<testsuite skipped="0" hostname="MAZHAVIKA" name="selenium.practise.basis.Multiple_Frames" tests="1" failures="0" timestamp="27 Apr 2020 13:46:05 GMT" time="16.696" errors="0">
  <testcase name="Frames" time="16.696" classname="selenium.practise.basis.Multiple_Frames"/>
</testsuite> <!-- selenium.practise.basis.Multiple_Frames -->
