<?xml version="1.0" encoding="UTF-8"?>
<!-- Generated by org.testng.reporters.JUnitReportReporter -->
<testsuite skipped="0" hostname="MAZHAVIKA" name="TestNG.parameterizationexample" tests="1" failures="0" timestamp="13 May 2020 09:56:05 GMT" time="0.023" errors="0">
  <testcase name="bikename" time="0.023" classname="TestNG.parameterizationexample"/>
</testsuite> <!-- TestNG.parameterizationexample -->
