<?xml version="1.0" encoding="UTF-8"?>
<!-- Generated by org.testng.reporters.JUnitReportReporter -->
<testsuite skipped="0" hostname="MAZHAVIKA" name="PageObjectModel.POMTestcase_update" tests="1" failures="0" timestamp="11 May 2020 13:28:12 GMT" time="26.137" errors="0">
  <testcase name="testcase" time="26.137" classname="PageObjectModel.POMTestcase_update"/>
</testsuite> <!-- PageObjectModel.POMTestcase_update -->
