<?xml version="1.0" encoding="UTF-8"?>
<!-- Generated by org.testng.reporters.JUnitReportReporter -->
<testsuite skipped="0" hostname="MAZHAVIKA" name="selenium.practise.basis.Double_Right_Click" tests="1" failures="0" timestamp="29 Apr 2020 10:26:36 GMT" time="23.458" errors="0">
  <testcase name="clicks" time="23.458" classname="selenium.practise.basis.Double_Right_Click"/>
</testsuite> <!-- selenium.practise.basis.Double_Right_Click -->
