<?xml version="1.0" encoding="UTF-8"?>
<!-- Generated by org.testng.reporters.JUnitReportReporter -->
<testsuite skipped="0" hostname="MAZHAVIKA" name="TestNG.ReadexceldatusingPOIwithTestNG" tests="5" failures="0" timestamp="11 May 2020 07:58:53 GMT" time="7.799" errors="0">
  <testcase name="function" time="1.358" classname="TestNG.ReadexceldatusingPOIwithTestNG"/>
  <testcase name="function" time="1.145" classname="TestNG.ReadexceldatusingPOIwithTestNG"/>
  <testcase name="function" time="2.207" classname="TestNG.ReadexceldatusingPOIwithTestNG"/>
  <testcase name="function" time="1.078" classname="TestNG.ReadexceldatusingPOIwithTestNG"/>
  <testcase name="function" time="2.011" classname="TestNG.ReadexceldatusingPOIwithTestNG"/>
</testsuite> <!-- TestNG.ReadexceldatusingPOIwithTestNG -->
