<?xml version="1.0" encoding="UTF-8"?>
<!-- Generated by org.testng.reporters.JUnitReportReporter -->
<testsuite skipped="0" hostname="MAZHAVIKA" name="selenium.practise.basis.Drag_Drop_Resize_Actions" tests="1" failures="0" timestamp="03 May 2020 10:06:29 GMT" time="15.028" errors="0">
  <testcase name="Actions" time="15.028" classname="selenium.practise.basis.Drag_Drop_Resize_Actions"/>
</testsuite> <!-- selenium.practise.basis.Drag_Drop_Resize_Actions -->
