<?xml version="1.0" encoding="UTF-8"?>
<!-- Generated by org.testng.reporters.JUnitReportReporter -->
<testsuite skipped="0" hostname="MAZHAVIKA" name="PageObjectModel.POMTestcase" tests="1" failures="0" timestamp="11 May 2020 12:58:09 GMT" time="31.137" errors="0">
  <testcase name="testcase" time="31.137" classname="PageObjectModel.POMTestcase"/>
</testsuite> <!-- PageObjectModel.POMTestcase -->
