<?xml version="1.0" encoding="UTF-8"?>
<!-- Generated by org.testng.reporters.JUnitReportReporter -->
<testsuite skipped="0" hostname="MAZHAVIKA" name="selenium.practise.basis.Multiple_Windows_Tabs" tests="1" failures="0" timestamp="27 Apr 2020 10:39:47 GMT" time="30.998" errors="0">
  <testcase name="windows" time="30.998" classname="selenium.practise.basis.Multiple_Windows_Tabs"/>
</testsuite> <!-- selenium.practise.basis.Multiple_Windows_Tabs -->
