<?xml version="1.0" encoding="UTF-8"?>
<!-- Generated by org.testng.reporters.JUnitReportReporter -->
<testsuite skipped="0" hostname="MAZHAVIKA" name="selenium.practise.basis.Checkbox_Dropdown_Radio" tests="1" failures="0" timestamp="28 Apr 2020 13:54:51 GMT" time="32.238" errors="0">
  <testcase name="boxes" time="32.238" classname="selenium.practise.basis.Checkbox_Dropdown_Radio"/>
</testsuite> <!-- selenium.practise.basis.Checkbox_Dropdown_Radio -->
