<?xml version="1.0" encoding="UTF-8"?>
<!-- Generated by org.testng.reporters.JUnitReportReporter -->
<testsuite skipped="0" hostname="MAZHAVIKA" name="selenium.practise.basis.Learningbasis" tests="1" failures="0" timestamp="09 Apr 2020 12:44:59 GMT" time="67.629" errors="0">
  <testcase name="invokebrowser" time="67.629" classname="selenium.practise.basis.Learningbasis"/>
</testsuite> <!-- selenium.practise.basis.Learningbasis -->
