<?xml version="1.0" encoding="UTF-8"?>
<!-- Generated by org.testng.reporters.JUnitReportReporter -->
<testsuite skipped="0" hostname="MAZHAVIKA" name="selenium.practise.basis.Dynamic_Tables" tests="1" failures="0" timestamp="13 May 2020 07:47:21 GMT" time="6.651" errors="0">
  <testcase name="tables" time="6.651" classname="selenium.practise.basis.Dynamic_Tables"/>
</testsuite> <!-- selenium.practise.basis.Dynamic_Tables -->
