<?xml version="1.0" encoding="UTF-8"?>
<!-- Generated by org.testng.reporters.JUnitReportReporter -->
<testsuite skipped="0" hostname="MAZHAVIKA" name="PageObjectModel.POMTestcaseusingPagefactory" tests="1" failures="0" timestamp="12 May 2020 08:33:52 GMT" time="41.519" errors="0">
  <testcase name="testcase" time="41.519" classname="PageObjectModel.POMTestcaseusingPagefactory"/>
</testsuite> <!-- PageObjectModel.POMTestcaseusingPagefactory -->
