<?xml version="1.0" encoding="UTF-8"?>
<!-- Generated by org.testng.reporters.JUnitReportReporter -->
<testsuite skipped="0" hostname="MAZHAVIKA" name="TestNG.handledependencies" tests="3" failures="0" timestamp="13 May 2020 13:13:38 GMT" time="0.028" errors="0">
  <testcase name="goto_airport" time="0.020" classname="TestNG.handledependencies"/>
  <testcase name="travelto_india" time="0.004" classname="TestNG.handledependencies"/>
  <testcase name="take_a_flight" time="0.004" classname="TestNG.handledependencies"/>
</testsuite> <!-- TestNG.handledependencies -->
