<?xml version="1.0" encoding="UTF-8"?>
<!-- Generated by org.testng.reporters.JUnitReportReporter -->
<testsuite skipped="0" hostname="MAZHAVIKA" name="selenium.practise.basis.Takesscreenshot" tests="1" failures="0" timestamp="03 May 2020 11:32:09 GMT" time="27.897" errors="0">
  <testcase name="screenshot" time="27.897" classname="selenium.practise.basis.Takesscreenshot"/>
</testsuite> <!-- selenium.practise.basis.Takesscreenshot -->
