<?xml version="1.0" encoding="UTF-8"?>
<!-- Generated by org.testng.reporters.JUnitReportReporter -->
<testsuite skipped="0" hostname="MAZHAVIKA" name="Data_Driven_Framework.ReadexceldatusingPOIwithTestNG" tests="5" failures="0" timestamp="11 May 2020 09:51:47 GMT" time="23.459" errors="0">
  <testcase name="function" time="5.234" classname="Data_Driven_Framework.ReadexceldatusingPOIwithTestNG"/>
  <testcase name="function" time="6.228" classname="Data_Driven_Framework.ReadexceldatusingPOIwithTestNG"/>
  <testcase name="function" time="5.189" classname="Data_Driven_Framework.ReadexceldatusingPOIwithTestNG"/>
  <testcase name="function" time="5.264" classname="Data_Driven_Framework.ReadexceldatusingPOIwithTestNG"/>
  <testcase name="function" time="1.544" classname="Data_Driven_Framework.ReadexceldatusingPOIwithTestNG"/>
</testsuite> <!-- Data_Driven_Framework.ReadexceldatusingPOIwithTestNG -->
