<?xml version="1.0" encoding="UTF-8"?>
<!-- Generated by org.testng.reporters.JUnitReportReporter -->
<testsuite skipped="0" hostname="MAZHAVIKA" name="selenium.practise.basis.AltersFunctions" tests="1" failures="0" timestamp="27 Apr 2020 12:32:18 GMT" time="18.436" errors="0">
  <testcase name="Alerts_Manager" time="18.436" classname="selenium.practise.basis.AltersFunctions"/>
</testsuite> <!-- selenium.practise.basis.AltersFunctions -->
