<?xml version="1.0" encoding="UTF-8"?>
<!-- Generated by org.testng.reporters.JUnitReportReporter -->
<testsuite skipped="0" hostname="MAZHAVIKA" name="TestNG.groupatestcase" tests="4" failures="0" timestamp="13 May 2020 09:30:58 GMT" time="0.037" errors="0">
  <testcase name="car2" time="0.003" classname="TestNG.groupatestcase"/>
  <testcase name="car1" time="0.005" classname="TestNG.groupatestcase"/>
  <testcase name="bus1" time="0.021" classname="TestNG.groupatestcase"/>
  <testcase name="bus2" time="0.008" classname="TestNG.groupatestcase"/>
</testsuite> <!-- TestNG.groupatestcase -->
