<?xml version="1.0" encoding="UTF-8"?>
<!-- Generated by org.testng.reporters.JUnitReportReporter -->
<testsuite skipped="0" hostname="MAZHAVIKA" name="TestNG.Dataprovider" tests="3" failures="0" timestamp="10 May 2020 07:45:38 GMT" time="6.341" errors="0">
  <testcase name="function" time="3.623" classname="TestNG.Dataprovider"/>
  <testcase name="function" time="0.930" classname="TestNG.Dataprovider"/>
  <testcase name="function" time="1.788" classname="TestNG.Dataprovider"/>
</testsuite> <!-- TestNG.Dataprovider -->
