<?xml version="1.0" encoding="UTF-8"?>
<!-- Generated by org.testng.reporters.JUnitReportReporter -->
<testsuite skipped="0" hostname="MAZHAVIKA" name="selenium.practise.basis.TestNGParallaltest" tests="1" failures="0" timestamp="09 Apr 2020 17:05:30 GMT" time="21.532" errors="0">
  <testcase name="function" time="21.532" classname="selenium.practise.basis.TestNGParallaltest"/>
</testsuite> <!-- selenium.practise.basis.TestNGParallaltest -->
