<?xml version="1.0" encoding="UTF-8"?>
<!-- Generated by org.testng.reporters.JUnitReportReporter -->
<testsuite skipped="0" hostname="MAZHAVIKA" name="selenium.practise.basis.SeleniumBasicCommands" tests="1" failures="0" timestamp="23 Apr 2020 07:16:29 GMT" time="34.445" errors="0">
  <testcase name="invokebrowser" time="34.445" classname="selenium.practise.basis.SeleniumBasicCommands"/>
</testsuite> <!-- selenium.practise.basis.SeleniumBasicCommands -->
