<?xml version="1.0" encoding="UTF-8"?>
<!-- Generated by org.testng.reporters.JUnitReportReporter -->
<testsuite skipped="0" hostname="MAZHAVIKA" name="TestNG.Practiceexcel" tests="1" failures="0" timestamp="10 May 2020 14:51:50 GMT" time="0.770" errors="0">
  <testcase name="readexcel" time="0.770" classname="TestNG.Practiceexcel"/>
</testsuite> <!-- TestNG.Practiceexcel -->
